<?xml version="1.0" encoding="UTF-8"?>
<!-- Generated by org.testng.reporters.JUnitReportReporter -->
<testsuite hostname="DESKTOP-QVJEVT1" failures="0" tests="1" name="Test.day1" time="0.009" errors="0" timestamp="2024-10-02T17:19:44 IST" skipped="0">
  <testcase classname="Test.day1" name="Personalloan" time="0.009"/>
  <system-out/>
</testsuite> <!-- Test.day1 -->
