<?xml version="1.0" encoding="UTF-8"?>
<!-- Generated by org.testng.reporters.JUnitReportReporter -->
<testsuite hostname="DESKTOP-QVJEVT1" failures="0" tests="1" name="Test.day3" time="0.007" errors="0" timestamp="2024-10-02T17:19:44 IST" skipped="0">
  <testcase classname="Test.day3" name="carloanType" time="0.007"/>
  <system-out/>
</testsuite> <!-- Test.day3 -->
