<?xml version="1.0" encoding="UTF-8"?>
<!-- Generated by org.testng.reporters.JUnitReportReporter -->
<testsuite hostname="DESKTOP-QVJEVT1" failures="0" tests="3" name="Test.day2" time="0.025" errors="0" timestamp="2024-10-02T17:19:37 IST" skipped="0">
  <testcase classname="Test.day2" name="Homeloan" time="0.009"/>
  <system-out/>
  <testcase classname="Test.day2" name="Homeloan" time="0.006"/>
  <system-out/>
  <testcase classname="Test.day2" name="Homeloan" time="0.010"/>
  <system-out/>
</testsuite> <!-- Test.day2 -->
