<?xml version="1.0" encoding="UTF-8"?>
<!-- Generated by org.testng.reporters.JUnitReportReporter -->
<testsuite hostname="DESKTOP-QVJEVT1" failures="0" tests="2" name="Test.day4" time="0.003" errors="0" timestamp="2024-10-02T17:19:44 IST" skipped="1">
  <testcase classname="Test.day4" name="UIAPILogin" time="0.003"/>
  <system-out/>
  <testcase classname="Test.day4" name="Mobilelogout2">
    <skipped/>
  </testcase> <!-- Mobilelogout2 -->
  <system-out/>
</testsuite> <!-- Test.day4 -->
