<?xml version="1.0" encoding="UTF-8"?>
<!-- Generated by org.testng.reporters.JUnitReportReporter -->
<testsuite hostname="DESKTOP-QVJEVT1" failures="0" tests="1" name="MiniProject.ExtentReports.ExtentReportDemo" time="6.817" errors="0" timestamp="2024-03-26T14:01:26 IST" skipped="0">
  <testcase classname="MiniProject.ExtentReports.ExtentReportDemo" name="initialDemo" time="6.817"/>
  <system-out/>
</testsuite> <!-- MiniProject.ExtentReports.ExtentReportDemo -->
